# JRE version: OpenJDK Runtime Environment Temurin-17.0.17+10 (17.0.17+10) (build 17.0.17+10)
# Java VM: OpenJDK 64-Bit Server VM Temurin-17.0.17+10 (17.0.17+10, mixed mode, sharing, tiered, compressed oops, compressed class ptrs, g1 gc, windows-amd64)
GC Precious Log:
 CPUs: 4 total, 4 available
 Memory: 8109M
 Large Page Support: Disabled
 NUMA Support: Disabled
 Compressed Oops: Enabled (Zero based)
 Heap Region Size: 4M
 Heap Min Capacity: 8M
 Heap Initial Capacity: 128M
 Heap Max Capacity: 8G
 Pre-touch: Disabled
 Parallel Workers: 4
 Concurrent Workers: 1
 Concurrent Refinement Workers: 4
 Periodic GC: Disabled
Heap:
 garbage-first heap   total 1351680K, used 340796K [0x0000000600000000, 0x0000000800000000)
  region size 4096K, 2 young (8192K), 2 survivors (8192K)
 Metaspace       used 177270K, committed 178624K, reserved 1245184K
  class space    used 21782K, committed 22464K, reserved 1048576K
GC Heap History (20 events):
Event: 200.304 GC heap after
{Heap after GC invocations=115 (full 0):
 garbage-first heap   total 1351680K, used 317967K [0x0000000600000000, 0x0000000800000000)
  region size 4096K, 6 young (24576K), 6 survivors (24576K)
 Metaspace       used 154967K, committed 155968K, reserved 1245184K
  class space    used 19332K, committed 19776K, reserved 1048576K
}
Event: 207.639 GC heap before
{Heap before GC invocations=115 (full 0):
 garbage-first heap   total 1351680K, used 1100303K [0x0000000600000000, 0x0000000800000000)
  region size 4096K, 198 young (811008K), 6 survivors (24576K)
 Metaspace       used 155124K, committed 156160K, reserved 1245184K
  class space    used 19352K, committed 19840K, reserved 1048576K
}
Event: 208.373 GC heap after
{Heap after GC invocations=116 (full 0):
 garbage-first heap   total 1351680K, used 322109K [0x0000000600000000, 0x0000000800000000)
  region size 4096K, 7 young (28672K), 7 survivors (28672K)
 Metaspace       used 155124K, committed 156160K, reserved 1245184K
  class space    used 19352K, committed 19840K, reserved 1048576K
}
Event: 209.019 GC heap before
{Heap before GC invocations=116 (full 0):
 garbage-first heap   total 1351680K, used 354877K [0x0000000600000000, 0x0000000800000000)
  region size 4096K, 16 young (65536K), 7 survivors (28672K)
 Metaspace       used 155124K, committed 156160K, reserved 1245184K
  class space    used 19352K, committed 19840K, reserved 1048576K
}
Event: 209.519 GC heap after
{Heap after GC invocations=117 (full 0):
 garbage-first heap   total 1351680K, used 320100K [0x0000000600000000, 0x0000000800000000)
  region size 4096K, 1 young (4096K), 1 survivors (4096K)
 Metaspace       used 155124K, committed 156160K, reserved 1245184K
  class space    used 19352K, committed 19840K, reserved 1048576K
}
Event: 212.297 GC heap before
{Heap before GC invocations=117 (full 0):
 garbage-first heap   total 1351680K, used 860772K [0x0000000600000000, 0x0000000800000000)
  region size 4096K, 131 young (536576K), 1 survivors (4096K)
 Metaspace       used 155224K, committed 156224K, reserved 1245184K
  class space    used 19357K, committed 19840K, reserved 1048576K
}
Event: 212.302 GC heap after
{Heap after GC invocations=118 (full 0):
 garbage-first heap   total 1351680K, used 327794K [0x0000000600000000, 0x0000000800000000)
  region size 4096K, 1 young (4096K), 1 survivors (4096K)
 Metaspace       used 155224K, committed 156224K, reserved 1245184K
  class space    used 19357K, committed 19840K, reserved 1048576K
}
Event: 226.796 GC heap before
{Heap before GC invocations=118 (full 0):
 garbage-first heap   total 1351680K, used 1142898K [0x0000000600000000, 0x0000000800000000)
  region size 4096K, 198 young (811008K), 1 survivors (4096K)
 Metaspace       used 158079K, committed 159040K, reserved 1245184K
  class space    used 19575K, committed 20032K, reserved 1048576K
}
Event: 226.818 GC heap after
{Heap after GC invocations=119 (full 0):
 garbage-first heap   total 1351680K, used 348831K [0x0000000600000000, 0x0000000800000000)
  region size 4096K, 6 young (24576K), 6 survivors (24576K)
 Metaspace       used 158079K, committed 159040K, reserved 1245184K
  class space    used 19575K, committed 20032K, reserved 1048576K
}
Event: 226.910 GC heap before
{Heap before GC invocations=119 (full 0):
 garbage-first heap   total 1351680K, used 385695K [0x0000000600000000, 0x0000000800000000)
  region size 4096K, 16 young (65536K), 6 survivors (24576K)
 Metaspace       used 158079K, committed 159040K, reserved 1245184K
  class space    used 19575K, committed 20032K, reserved 1048576K
}
Event: 226.955 GC heap after
{Heap after GC invocations=120 (full 0):
 garbage-first heap   total 1351680K, used 350773K [0x0000000600000000, 0x0000000800000000)
  region size 4096K, 1 young (4096K), 1 survivors (4096K)
 Metaspace       used 158079K, committed 159040K, reserved 1245184K
  class space    used 19575K, committed 20032K, reserved 1048576K
}
Event: 234.555 GC heap before
{Heap before GC invocations=120 (full 0):
 garbage-first heap   total 1351680K, used 1153589K [0x0000000600000000, 0x0000000800000000)
  region size 4096K, 197 young (806912K), 1 survivors (4096K)
 Metaspace       used 158090K, committed 159040K, reserved 1245184K
  class space    used 19575K, committed 20032K, reserved 1048576K
}
Event: 234.557 GC heap after
{Heap after GC invocations=121 (full 0):
 garbage-first heap   total 1351680K, used 349832K [0x0000000600000000, 0x0000000800000000)
  region size 4096K, 1 young (4096K), 1 survivors (4096K)
 Metaspace       used 158090K, committed 159040K, reserved 1245184K
  class space    used 19575K, committed 20032K, reserved 1048576K
}
Event: 243.980 GC heap before
{Heap before GC invocations=121 (full 0):
 garbage-first heap   total 1351680K, used 1156744K [0x0000000600000000, 0x0000000800000000)
  region size 4096K, 198 young (811008K), 1 survivors (4096K)
 Metaspace       used 158169K, committed 159104K, reserved 1245184K
  class space    used 19576K, committed 20032K, reserved 1048576K
}
Event: 244.001 GC heap after
{Heap after GC invocations=122 (full 0):
 garbage-first heap   total 1351680K, used 366066K [0x0000000600000000, 0x0000000800000000)
  region size 4096K, 5 young (20480K), 5 survivors (20480K)
 Metaspace       used 158169K, committed 159104K, reserved 1245184K
  class space    used 19576K, committed 20032K, reserved 1048576K
}
Event: 258.657 GC heap before
{Heap before GC invocations=122 (full 0):
 garbage-first heap   total 1351680K, used 816626K [0x0000000600000000, 0x0000000800000000)
  region size 4096K, 116 young (475136K), 5 survivors (20480K)
 Metaspace       used 175961K, committed 177216K, reserved 1245184K
  class space    used 21739K, committed 22400K, reserved 1048576K
}
Event: 258.689 GC heap after
{Heap after GC invocations=123 (full 0):
 garbage-first heap   total 1351680K, used 386614K [0x0000000600000000, 0x0000000800000000)
  region size 4096K, 10 young (40960K), 10 survivors (40960K)
 Metaspace       used 175961K, committed 177216K, reserved 1245184K
  class space    used 21739K, committed 22400K, reserved 1048576K
}
Event: 262.152 GC heap before
{Heap before GC invocations=124 (full 0):
 garbage-first heap   total 1351680K, used 464438K [0x0000000600000000, 0x0000000800000000)
  region size 4096K, 35 young (143360K), 10 survivors (40960K)
 Metaspace       used 177059K, committed 178432K, reserved 1245184K
  class space    used 21782K, committed 22464K, reserved 1048576K
}
Event: 262.324 GC heap after
{Heap after GC invocations=125 (full 0):
 garbage-first heap   total 1351680K, used 362311K [0x0000000600000000, 0x0000000800000000)
  region size 4096K, 2 young (8192K), 2 survivors (8192K)
 Metaspace       used 177059K, committed 178432K, reserved 1245184K
  class space    used 21782K, committed 22464K, reserved 1048576K
}
Event: 262.884 GC heap before
{Heap before GC invocations=125 (full 0):
 garbage-first heap   total 1351680K, used 419655K [0x0000000600000000, 0x0000000800000000)
  region size 4096K, 16 young (65536K), 2 survivors (8192K)
 Metaspace       used 177270K, committed 178624K, reserved 1245184K
  class space    used 21782K, committed 22464K, reserved 1048576K
}

