# JRE version: OpenJDK Runtime Environment Temurin-17.0.17+10 (17.0.17+10) (build 17.0.17+10)
# Java VM: OpenJDK 64-Bit Server VM Temurin-17.0.17+10 (17.0.17+10, mixed mode, sharing, tiered, compressed oops, compressed class ptrs, g1 gc, windows-amd64)
GC Precious Log:
 CPUs: 4 total, 4 available
 Memory: 8109M
 Large Page Support: Disabled
 NUMA Support: Disabled
 Compressed Oops: Enabled (Zero based)
 Heap Region Size: 4M
 Heap Min Capacity: 8M
 Heap Initial Capacity: 128M
 Heap Max Capacity: 8G
 Pre-touch: Disabled
 Parallel Workers: 4
 Concurrent Workers: 1
 Concurrent Refinement Workers: 4
 Periodic GC: Disabled
Heap:
 garbage-first heap   total 1032192K, used 248735K [0x0000000600000000, 0x0000000800000000)
  region size 4096K, 10 young (40960K), 10 survivors (40960K)
 Metaspace       used 183560K, committed 184832K, reserved 1245184K
  class space    used 23916K, committed 24512K, reserved 1048576K
GC Heap History (20 events):
Event: 59.040 GC heap after
{Heap after GC invocations=71 (full 0):
 garbage-first heap   total 405504K, used 195787K [0x0000000600000000, 0x0000000800000000)
  region size 4096K, 2 young (8192K), 2 survivors (8192K)
 Metaspace       used 166216K, committed 167296K, reserved 1245184K
  class space    used 21811K, committed 22336K, reserved 1048576K
}
Event: 60.140 GC heap before
{Heap before GC invocations=72 (full 0):
 garbage-first heap   total 471040K, used 339147K [0x0000000600000000, 0x0000000800000000)
  region size 4096K, 37 young (151552K), 2 survivors (8192K)
 Metaspace       used 166216K, committed 167296K, reserved 1245184K
  class space    used 21807K, committed 22336K, reserved 1048576K
}
Event: 60.149 GC heap after
{Heap after GC invocations=73 (full 0):
 garbage-first heap   total 471040K, used 200069K [0x0000000600000000, 0x0000000800000000)
  region size 4096K, 3 young (12288K), 3 survivors (12288K)
 Metaspace       used 166216K, committed 167296K, reserved 1245184K
  class space    used 21807K, committed 22336K, reserved 1048576K
}
Event: 60.172 GC heap before
{Heap before GC invocations=73 (full 0):
 garbage-first heap   total 471040K, used 208261K [0x0000000600000000, 0x0000000800000000)
  region size 4096K, 5 young (20480K), 3 survivors (12288K)
 Metaspace       used 166216K, committed 167296K, reserved 1245184K
  class space    used 21807K, committed 22336K, reserved 1048576K
}
Event: 60.262 GC heap after
{Heap after GC invocations=74 (full 0):
 garbage-first heap   total 1032192K, used 197261K [0x0000000600000000, 0x0000000800000000)
  region size 4096K, 1 young (4096K), 1 survivors (4096K)
 Metaspace       used 166216K, committed 167296K, reserved 1245184K
  class space    used 21807K, committed 22336K, reserved 1048576K
}
Event: 71.573 GC heap before
{Heap before GC invocations=74 (full 0):
 garbage-first heap   total 1032192K, used 811661K [0x0000000600000000, 0x0000000800000000)
  region size 4096K, 151 young (618496K), 1 survivors (4096K)
 Metaspace       used 167336K, committed 168384K, reserved 1245184K
  class space    used 21905K, committed 22400K, reserved 1048576K
}
Event: 72.115 GC heap after
{Heap after GC invocations=75 (full 0):
 garbage-first heap   total 1032192K, used 220545K [0x0000000600000000, 0x0000000800000000)
  region size 4096K, 6 young (24576K), 6 survivors (24576K)
 Metaspace       used 167336K, committed 168384K, reserved 1245184K
  class space    used 21905K, committed 22400K, reserved 1048576K
}
Event: 81.105 GC heap before
{Heap before GC invocations=75 (full 0):
 garbage-first heap   total 1032192K, used 605569K [0x0000000600000000, 0x0000000800000000)
  region size 4096K, 101 young (413696K), 6 survivors (24576K)
 Metaspace       used 167383K, committed 168448K, reserved 1245184K
  class space    used 21907K, committed 22400K, reserved 1048576K
}
Event: 81.156 GC heap after
{Heap after GC invocations=76 (full 0):
 garbage-first heap   total 1032192K, used 228743K [0x0000000600000000, 0x0000000800000000)
  region size 4096K, 8 young (32768K), 8 survivors (32768K)
 Metaspace       used 167383K, committed 168448K, reserved 1245184K
  class space    used 21907K, committed 22400K, reserved 1048576K
}
Event: 82.312 GC heap before
{Heap before GC invocations=76 (full 0):
 garbage-first heap   total 1032192K, used 535943K [0x0000000600000000, 0x0000000800000000)
  region size 4096K, 83 young (339968K), 8 survivors (32768K)
 Metaspace       used 167388K, committed 168448K, reserved 1245184K
  class space    used 21908K, committed 22400K, reserved 1048576K
}
Event: 82.408 GC heap after
{Heap after GC invocations=77 (full 0):
 garbage-first heap   total 1032192K, used 222553K [0x0000000600000000, 0x0000000800000000)
  region size 4096K, 2 young (8192K), 2 survivors (8192K)
 Metaspace       used 167388K, committed 168448K, reserved 1245184K
  class space    used 21908K, committed 22400K, reserved 1048576K
}
Event: 88.058 GC heap before
{Heap before GC invocations=77 (full 0):
 garbage-first heap   total 1032192K, used 832857K [0x0000000600000000, 0x0000000800000000)
  region size 4096K, 151 young (618496K), 2 survivors (8192K)
 Metaspace       used 167500K, committed 168576K, reserved 1245184K
  class space    used 21910K, committed 22400K, reserved 1048576K
}
Event: 88.071 GC heap after
{Heap after GC invocations=78 (full 0):
 garbage-first heap   total 1032192K, used 226513K [0x0000000600000000, 0x0000000800000000)
  region size 4096K, 3 young (12288K), 3 survivors (12288K)
 Metaspace       used 167500K, committed 168576K, reserved 1245184K
  class space    used 21910K, committed 22400K, reserved 1048576K
}
Event: 89.727 GC heap before
{Heap before GC invocations=78 (full 0):
 garbage-first heap   total 1032192K, used 832721K [0x0000000600000000, 0x0000000800000000)
  region size 4096K, 152 young (622592K), 3 survivors (12288K)
 Metaspace       used 167571K, committed 168640K, reserved 1245184K
  class space    used 21910K, committed 22400K, reserved 1048576K
}
Event: 89.739 GC heap after
{Heap after GC invocations=79 (full 0):
 garbage-first heap   total 1032192K, used 225466K [0x0000000600000000, 0x0000000800000000)
  region size 4096K, 3 young (12288K), 3 survivors (12288K)
 Metaspace       used 167571K, committed 168640K, reserved 1245184K
  class space    used 21910K, committed 22400K, reserved 1048576K
}
Event: 92.951 GC heap before
{Heap before GC invocations=79 (full 0):
 garbage-first heap   total 1032192K, used 831674K [0x0000000600000000, 0x0000000800000000)
  region size 4096K, 151 young (618496K), 3 survivors (12288K)
 Metaspace       used 167633K, committed 168704K, reserved 1245184K
  class space    used 21910K, committed 22400K, reserved 1048576K
}
Event: 92.967 GC heap after
{Heap after GC invocations=80 (full 0):
 garbage-first heap   total 1032192K, used 227125K [0x0000000600000000, 0x0000000800000000)
  region size 4096K, 3 young (12288K), 3 survivors (12288K)
 Metaspace       used 167633K, committed 168704K, reserved 1245184K
  class space    used 21910K, committed 22400K, reserved 1048576K
}
Event: 100.813 GC heap before
{Heap before GC invocations=80 (full 0):
 garbage-first heap   total 1032192K, used 833333K [0x0000000600000000, 0x0000000800000000)
  region size 4096K, 151 young (618496K), 3 survivors (12288K)
 Metaspace       used 167715K, committed 168704K, reserved 1245184K
  class space    used 21921K, committed 22400K, reserved 1048576K
}
Event: 100.968 GC heap after
{Heap after GC invocations=81 (full 0):
 garbage-first heap   total 1032192K, used 228727K [0x0000000600000000, 0x0000000800000000)
  region size 4096K, 4 young (16384K), 4 survivors (16384K)
 Metaspace       used 167715K, committed 168704K, reserved 1245184K
  class space    used 21921K, committed 22400K, reserved 1048576K
}
Event: 110.546 GC heap before
{Heap before GC invocations=81 (full 0):
 garbage-first heap   total 1032192K, used 826743K [0x0000000600000000, 0x0000000800000000)
  region size 4096K, 151 young (618496K), 4 survivors (16384K)
 Metaspace       used 183560K, committed 184832K, reserved 1245184K
  class space    used 23916K, committed 24512K, reserved 1048576K
}

